<?xml version="1.0" encoding="UTF-8"?>
<testsuite name="com.maxxton.server.DemoServerServiceApplicationTests" tests="1" skipped="0" failures="0" errors="0" timestamp="2016-03-08T14:13:29" hostname="Maxxton2016-1" time="0.003">
  <properties/>
  <testcase name="contextLoads" classname="com.maxxton.server.DemoServerServiceApplicationTests" time="0.003"/>
  <system-out><![CDATA[15:13:20.425 [Test worker] DEBUG o.s.t.c.j.SpringJUnit4ClassRunner - SpringJUnit4ClassRunner constructor called with [class com.maxxton.server.DemoServerServiceApplicationTests]
15:13:20.431 [Test worker] DEBUG o.s.test.context.BootstrapUtils - Instantiating CacheAwareContextLoaderDelegate from class [org.springframework.test.context.cache.DefaultCacheAwareContextLoaderDelegate]
15:13:20.438 [Test worker] DEBUG o.s.test.context.BootstrapUtils - Instantiating BootstrapContext using constructor [public org.springframework.test.context.support.DefaultBootstrapContext(java.lang.Class,org.springframework.test.context.CacheAwareContextLoaderDelegate)]
15:13:20.451 [Test worker] DEBUG o.s.test.context.BootstrapUtils - Instantiating TestContextBootstrapper for test class [com.maxxton.server.DemoServerServiceApplicationTests] from class [org.springframework.test.context.web.WebTestContextBootstrapper]
15:13:20.482 [Test worker] DEBUG o.s.t.c.w.WebTestContextBootstrapper - Found explicit ContextLoader class [org.springframework.boot.test.SpringApplicationContextLoader] for context configuration attributes [ContextConfigurationAttributes@751cc9bb declaringClass = 'com.maxxton.server.DemoServerServiceApplicationTests', classes = '{class com.maxxton.server.DemoServerServiceApplication}', locations = '{}', inheritLocations = true, initializers = '{}', inheritInitializers = true, name = [null], contextLoaderClass = 'org.springframework.boot.test.SpringApplicationContextLoader']
15:13:20.494 [Test worker] DEBUG o.s.t.c.s.AbstractContextLoader - Did not detect default resource location for test class [com.maxxton.server.DemoServerServiceApplicationTests]: class path resource [com/maxxton/server/DemoServerServiceApplicationTests-context.xml] does not exist
15:13:20.494 [Test worker] DEBUG o.s.t.c.s.AbstractContextLoader - Did not detect default resource location for test class [com.maxxton.server.DemoServerServiceApplicationTests]: class path resource [com/maxxton/server/DemoServerServiceApplicationTestsContext.groovy] does not exist
15:13:20.495 [Test worker] INFO  o.s.t.c.s.AbstractContextLoader - Could not detect default resource locations for test class [com.maxxton.server.DemoServerServiceApplicationTests]: no resource found for suffixes {-context.xml, Context.groovy}.
15:13:20.498 [Test worker] DEBUG o.s.t.c.support.ActiveProfilesUtils - Could not find an 'annotation declaring class' for annotation type [org.springframework.test.context.ActiveProfiles] and class [com.maxxton.server.DemoServerServiceApplicationTests]
15:13:20.502 [Test worker] DEBUG o.s.t.c.w.WebTestContextBootstrapper - @TestExecutionListeners is not present for class [com.maxxton.server.DemoServerServiceApplicationTests]: using defaults.
15:13:20.512 [Test worker] INFO  o.s.t.c.w.WebTestContextBootstrapper - Loaded default TestExecutionListener class names from location [META-INF/spring.factories]: [org.springframework.test.context.web.ServletTestExecutionListener, org.springframework.test.context.support.DirtiesContextBeforeModesTestExecutionListener, org.springframework.test.context.support.DependencyInjectionTestExecutionListener, org.springframework.test.context.support.DirtiesContextTestExecutionListener, org.springframework.test.context.transaction.TransactionalTestExecutionListener, org.springframework.test.context.jdbc.SqlScriptsTestExecutionListener]
15:13:20.529 [Test worker] INFO  o.s.t.c.w.WebTestContextBootstrapper - Could not instantiate TestExecutionListener [org.springframework.test.context.transaction.TransactionalTestExecutionListener]. Specify custom listener classes or make the default listener classes (and their required dependencies) available. Offending class: [org/springframework/transaction/interceptor/TransactionAttributeSource]
15:13:20.530 [Test worker] INFO  o.s.t.c.w.WebTestContextBootstrapper - Could not instantiate TestExecutionListener [org.springframework.test.context.jdbc.SqlScriptsTestExecutionListener]. Specify custom listener classes or make the default listener classes (and their required dependencies) available. Offending class: [org/springframework/transaction/interceptor/TransactionAttribute]
15:13:20.532 [Test worker] INFO  o.s.t.c.w.WebTestContextBootstrapper - Using TestExecutionListeners: [org.springframework.test.context.web.ServletTestExecutionListener@1adea84, org.springframework.test.context.support.DirtiesContextBeforeModesTestExecutionListener@15ce964a, org.springframework.test.context.support.DependencyInjectionTestExecutionListener@74f1fc46, org.springframework.test.context.support.DirtiesContextTestExecutionListener@3d07139c]
15:13:20.535 [Test worker] DEBUG o.s.t.annotation.ProfileValueUtils - Retrieved @ProfileValueSourceConfiguration [null] for test class [com.maxxton.server.DemoServerServiceApplicationTests]
15:13:20.536 [Test worker] DEBUG o.s.t.annotation.ProfileValueUtils - Retrieved ProfileValueSource type [class org.springframework.test.annotation.SystemProfileValueSource] for class [com.maxxton.server.DemoServerServiceApplicationTests]
15:13:20.538 [Test worker] DEBUG o.s.t.annotation.ProfileValueUtils - Retrieved @ProfileValueSourceConfiguration [null] for test class [com.maxxton.server.DemoServerServiceApplicationTests]
15:13:20.539 [Test worker] DEBUG o.s.t.annotation.ProfileValueUtils - Retrieved ProfileValueSource type [class org.springframework.test.annotation.SystemProfileValueSource] for class [com.maxxton.server.DemoServerServiceApplicationTests]
15:13:20.542 [Test worker] DEBUG o.s.t.c.s.AbstractDirtiesContextTestExecutionListener - Before test class: context [DefaultTestContext@6dcd106d testClass = DemoServerServiceApplicationTests, testInstance = [null], testMethod = [null], testException = [null], mergedContextConfiguration = [WebMergedContextConfiguration@7141cff4 testClass = DemoServerServiceApplicationTests, locations = '{}', classes = '{class com.maxxton.server.DemoServerServiceApplication}', contextInitializerClasses = '[]', activeProfiles = '{}', propertySourceLocations = '{}', propertySourceProperties = '{}', resourceBasePath = 'src/main/webapp', contextLoader = 'org.springframework.boot.test.SpringApplicationContextLoader', parent = [null]]], class annotated with @DirtiesContext [false] with mode [null].
15:13:20.543 [Test worker] DEBUG o.s.t.annotation.ProfileValueUtils - Retrieved @ProfileValueSourceConfiguration [null] for test class [com.maxxton.server.DemoServerServiceApplicationTests]
15:13:20.543 [Test worker] DEBUG o.s.t.annotation.ProfileValueUtils - Retrieved ProfileValueSource type [class org.springframework.test.annotation.SystemProfileValueSource] for class [com.maxxton.server.DemoServerServiceApplicationTests]
15:13:20.649 [Test worker] DEBUG o.s.core.env.StandardEnvironment - Adding [systemProperties] PropertySource with lowest search precedence
15:13:20.651 [Test worker] DEBUG o.s.core.env.StandardEnvironment - Adding [systemEnvironment] PropertySource with lowest search precedence
15:13:20.651 [Test worker] DEBUG o.s.core.env.StandardEnvironment - Initialized StandardEnvironment with PropertySources [systemProperties,systemEnvironment]
15:13:20.653 [Test worker] DEBUG o.s.core.env.StandardEnvironment - Adding [integrationTest] PropertySource with search precedence immediately lower than [systemEnvironment]
2016-03-08 15:13:22.839  INFO 9792 --- [    Test worker] o.s.boot.SpringApplication               : Starting application on Maxxton2016-1 with PID 9792 (C:\Users\burgs.m\.gradle\caches\modules-2\files-2.1\org.springframework.boot\spring-boot\1.3.3.RELEASE\641cc375499d444e4efbc1801902260daa79758d\spring-boot-1.3.3.RELEASE.jar started by burgs.m in C:\Users\burgs.m\Documents\microservice\demo-server-service)
2016-03-08 15:13:22.841  INFO 9792 --- [    Test worker] o.s.boot.SpringApplication               : No active profile set, falling back to default profiles: default
2016-03-08 15:13:22.877  INFO 9792 --- [    Test worker] s.c.a.AnnotationConfigApplicationContext : Refreshing org.springframework.context.annotation.AnnotationConfigApplicationContext@9dc1dd: startup date [Tue Mar 08 15:13:22 CET 2016]; root of context hierarchy
2016-03-08 15:13:23.079  INFO 9792 --- [    Test worker] f.a.AutowiredAnnotationBeanPostProcessor : JSR-330 'javax.inject.Inject' annotation found and supported for autowiring
2016-03-08 15:13:23.100  INFO 9792 --- [    Test worker] trationDelegate$BeanPostProcessorChecker : Bean 'configurationPropertiesRebinderAutoConfiguration' of type [class org.springframework.cloud.autoconfigure.ConfigurationPropertiesRebinderAutoConfiguration$$EnhancerBySpringCGLIB$$b8d767b8] is not eligible for getting processed by all BeanPostProcessors (for example: not eligible for auto-proxying)
2016-03-08 15:13:23.343  INFO 9792 --- [    Test worker] o.s.boot.SpringApplication               : Started application in 2.581 seconds (JVM running for 3.791)
2016-03-08 15:13:25.005  INFO 9792 --- [    Test worker] o.s.cloud.commons.util.InetUtils         : Cannot determine local hostname

  .   ____          _            __ _ _
 /\\ / ___'_ __ _ _(_)_ __  __ _ \ \ \ \
( ( )\___ | '_ | '_| | '_ \/ _` | \ \ \ \
 \\/  ___)| |_)| | | | | || (_| |  ) ) ) )
  '  |____| .__|_| |_|_| |_\__, | / / / /
 =========|_|==============|___/=/_/_/_/
 :: Spring Boot ::        (v1.3.3.RELEASE)

2016-03-08 15:13:25.067  INFO 9792 --- [    Test worker] c.m.s.DemoServerServiceApplicationTests  : No active profile set, falling back to default profiles: default
2016-03-08 15:13:25.080  INFO 9792 --- [    Test worker] o.s.w.c.s.GenericWebApplicationContext   : Refreshing org.springframework.web.context.support.GenericWebApplicationContext@164eed78: startup date [Tue Mar 08 15:13:25 CET 2016]; parent: org.springframework.context.annotation.AnnotationConfigApplicationContext@9dc1dd
2016-03-08 15:13:25.772  INFO 9792 --- [    Test worker] o.s.b.f.s.DefaultListableBeanFactory     : Overriding bean definition for bean 'beanNameViewResolver' with a different definition: replacing [Root bean: class [null]; scope=; abstract=false; lazyInit=false; autowireMode=3; dependencyCheck=0; autowireCandidate=true; primary=false; factoryBeanName=org.springframework.boot.autoconfigure.web.ErrorMvcAutoConfiguration$WhitelabelErrorViewConfiguration; factoryMethodName=beanNameViewResolver; initMethodName=null; destroyMethodName=(inferred); defined in class path resource [org/springframework/boot/autoconfigure/web/ErrorMvcAutoConfiguration$WhitelabelErrorViewConfiguration.class]] with [Root bean: class [null]; scope=; abstract=false; lazyInit=false; autowireMode=3; dependencyCheck=0; autowireCandidate=true; primary=false; factoryBeanName=org.springframework.boot.autoconfigure.web.WebMvcAutoConfiguration$WebMvcAutoConfigurationAdapter; factoryMethodName=beanNameViewResolver; initMethodName=null; destroyMethodName=(inferred); defined in class path resource [org/springframework/boot/autoconfigure/web/WebMvcAutoConfiguration$WebMvcAutoConfigurationAdapter.class]]
2016-03-08 15:13:25.937  INFO 9792 --- [    Test worker] o.s.cloud.context.scope.GenericScope     : BeanFactory id=d4cf0e5b-ea05-3e40-912a-df73702458b9
2016-03-08 15:13:25.946  INFO 9792 --- [    Test worker] f.a.AutowiredAnnotationBeanPostProcessor : JSR-330 'javax.inject.Inject' annotation found and supported for autowiring
2016-03-08 15:13:25.956  INFO 9792 --- [    Test worker] trationDelegate$BeanPostProcessorChecker : Bean 'org.springframework.cloud.autoconfigure.ConfigurationPropertiesRebinderAutoConfiguration' of type [class org.springframework.cloud.autoconfigure.ConfigurationPropertiesRebinderAutoConfiguration$$EnhancerBySpringCGLIB$$b8d767b8] is not eligible for getting processed by all BeanPostProcessors (for example: not eligible for auto-proxying)
2016-03-08 15:13:27.660  INFO 9792 --- [    Test worker] o.s.cloud.commons.util.InetUtils         : Cannot determine local hostname
2016-03-08 15:13:28.381  INFO 9792 --- [    Test worker] s.w.s.m.m.a.RequestMappingHandlerAdapter : Looking for @ControllerAdvice: org.springframework.web.context.support.GenericWebApplicationContext@164eed78: startup date [Tue Mar 08 15:13:25 CET 2016]; parent: org.springframework.context.annotation.AnnotationConfigApplicationContext@9dc1dd
2016-03-08 15:13:28.467  INFO 9792 --- [    Test worker] s.w.s.m.m.a.RequestMappingHandlerMapping : Mapped "{[/greet],methods=[GET]}" onto public java.lang.String com.maxxton.server.DemoServerController.greet(java.lang.String)
2016-03-08 15:13:28.474  INFO 9792 --- [    Test worker] s.w.s.m.m.a.RequestMappingHandlerMapping : Mapped "{[/error]}" onto public org.springframework.http.ResponseEntity<java.util.Map<java.lang.String, java.lang.Object>> org.springframework.boot.autoconfigure.web.BasicErrorController.error(javax.servlet.http.HttpServletRequest)
2016-03-08 15:13:28.476  INFO 9792 --- [    Test worker] s.w.s.m.m.a.RequestMappingHandlerMapping : Mapped "{[/error],produces=[text/html]}" onto public org.springframework.web.servlet.ModelAndView org.springframework.boot.autoconfigure.web.BasicErrorController.errorHtml(javax.servlet.http.HttpServletRequest,javax.servlet.http.HttpServletResponse)
2016-03-08 15:13:28.517  INFO 9792 --- [    Test worker] o.s.w.s.handler.SimpleUrlHandlerMapping  : Mapped URL path [/webjars/**] onto handler of type [class org.springframework.web.servlet.resource.ResourceHttpRequestHandler]
2016-03-08 15:13:28.517  INFO 9792 --- [    Test worker] o.s.w.s.handler.SimpleUrlHandlerMapping  : Mapped URL path [/**] onto handler of type [class org.springframework.web.servlet.resource.ResourceHttpRequestHandler]
2016-03-08 15:13:28.560  INFO 9792 --- [    Test worker] o.s.w.s.handler.SimpleUrlHandlerMapping  : Mapped URL path [/**/favicon.ico] onto handler of type [class org.springframework.web.servlet.resource.ResourceHttpRequestHandler]
2016-03-08 15:13:28.784  WARN 9792 --- [    Test worker] c.n.c.sources.URLConfigurationSource     : No URLs will be polled as dynamic configuration sources.
2016-03-08 15:13:28.784  INFO 9792 --- [    Test worker] c.n.c.sources.URLConfigurationSource     : To enable URLs as dynamic configuration sources, define System property archaius.configurationSource.additionalUrls or make config.properties available on classpath.
2016-03-08 15:13:28.791  WARN 9792 --- [    Test worker] c.n.c.sources.URLConfigurationSource     : No URLs will be polled as dynamic configuration sources.
2016-03-08 15:13:28.792  INFO 9792 --- [    Test worker] c.n.c.sources.URLConfigurationSource     : To enable URLs as dynamic configuration sources, define System property archaius.configurationSource.additionalUrls or make config.properties available on classpath.
2016-03-08 15:13:29.040  INFO 9792 --- [    Test worker] o.s.c.support.DefaultLifecycleProcessor  : Starting beans in phase 0
2016-03-08 15:13:29.052  INFO 9792 --- [    Test worker] c.m.s.DemoServerServiceApplicationTests  : Started DemoServerServiceApplicationTests in 8.389 seconds (JVM running for 9.499)
]]></system-out>
  <system-err><![CDATA[]]></system-err>
</testsuite>
