<?xml version="1.0" encoding="UTF-8"?>
<testsuite name="com.maxxton.server.DemoServerServiceApplicationTests" tests="1" skipped="0" failures="0" errors="0" timestamp="2016-03-10T11:03:11" hostname="Maxxton2016-1" time="0.004">
  <properties/>
  <testcase name="contextLoads" classname="com.maxxton.server.DemoServerServiceApplicationTests" time="0.004"/>
  <system-out><![CDATA[12:02:57.130 [Test worker] DEBUG o.s.t.c.j.SpringJUnit4ClassRunner - SpringJUnit4ClassRunner constructor called with [class com.maxxton.server.DemoServerServiceApplicationTests]
12:02:57.142 [Test worker] DEBUG o.s.test.context.BootstrapUtils - Instantiating CacheAwareContextLoaderDelegate from class [org.springframework.test.context.cache.DefaultCacheAwareContextLoaderDelegate]
12:02:57.155 [Test worker] DEBUG o.s.test.context.BootstrapUtils - Instantiating BootstrapContext using constructor [public org.springframework.test.context.support.DefaultBootstrapContext(java.lang.Class,org.springframework.test.context.CacheAwareContextLoaderDelegate)]
12:02:57.168 [Test worker] DEBUG o.s.test.context.BootstrapUtils - Instantiating TestContextBootstrapper for test class [com.maxxton.server.DemoServerServiceApplicationTests] from class [org.springframework.test.context.web.WebTestContextBootstrapper]
12:02:57.189 [Test worker] DEBUG o.s.t.c.w.WebTestContextBootstrapper - Found explicit ContextLoader class [org.springframework.boot.test.SpringApplicationContextLoader] for context configuration attributes [ContextConfigurationAttributes@1e07dd97 declaringClass = 'com.maxxton.server.DemoServerServiceApplicationTests', classes = '{class com.maxxton.server.DemoServerServiceApplication}', locations = '{}', inheritLocations = true, initializers = '{}', inheritInitializers = true, name = [null], contextLoaderClass = 'org.springframework.boot.test.SpringApplicationContextLoader']
12:02:57.199 [Test worker] DEBUG o.s.t.c.s.AbstractContextLoader - Did not detect default resource location for test class [com.maxxton.server.DemoServerServiceApplicationTests]: class path resource [com/maxxton/server/DemoServerServiceApplicationTests-context.xml] does not exist
12:02:57.199 [Test worker] DEBUG o.s.t.c.s.AbstractContextLoader - Did not detect default resource location for test class [com.maxxton.server.DemoServerServiceApplicationTests]: class path resource [com/maxxton/server/DemoServerServiceApplicationTestsContext.groovy] does not exist
12:02:57.199 [Test worker] INFO  o.s.t.c.s.AbstractContextLoader - Could not detect default resource locations for test class [com.maxxton.server.DemoServerServiceApplicationTests]: no resource found for suffixes {-context.xml, Context.groovy}.
12:02:57.202 [Test worker] DEBUG o.s.t.c.support.ActiveProfilesUtils - Could not find an 'annotation declaring class' for annotation type [org.springframework.test.context.ActiveProfiles] and class [com.maxxton.server.DemoServerServiceApplicationTests]
12:02:57.212 [Test worker] DEBUG o.s.t.c.w.WebTestContextBootstrapper - @TestExecutionListeners is not present for class [com.maxxton.server.DemoServerServiceApplicationTests]: using defaults.
12:02:57.223 [Test worker] INFO  o.s.t.c.w.WebTestContextBootstrapper - Loaded default TestExecutionListener class names from location [META-INF/spring.factories]: [org.springframework.test.context.web.ServletTestExecutionListener, org.springframework.test.context.support.DirtiesContextBeforeModesTestExecutionListener, org.springframework.test.context.support.DependencyInjectionTestExecutionListener, org.springframework.test.context.support.DirtiesContextTestExecutionListener, org.springframework.test.context.transaction.TransactionalTestExecutionListener, org.springframework.test.context.jdbc.SqlScriptsTestExecutionListener]
12:02:57.229 [Test worker] INFO  o.s.t.c.w.WebTestContextBootstrapper - Could not instantiate TestExecutionListener [org.springframework.test.context.transaction.TransactionalTestExecutionListener]. Specify custom listener classes or make the default listener classes (and their required dependencies) available. Offending class: [org/springframework/transaction/interceptor/TransactionAttributeSource]
12:02:57.230 [Test worker] INFO  o.s.t.c.w.WebTestContextBootstrapper - Could not instantiate TestExecutionListener [org.springframework.test.context.jdbc.SqlScriptsTestExecutionListener]. Specify custom listener classes or make the default listener classes (and their required dependencies) available. Offending class: [org/springframework/transaction/interceptor/TransactionAttribute]
12:02:57.238 [Test worker] INFO  o.s.t.c.w.WebTestContextBootstrapper - Using TestExecutionListeners: [org.springframework.test.context.web.ServletTestExecutionListener@428af7f0, org.springframework.test.context.support.DirtiesContextBeforeModesTestExecutionListener@3ca5736e, org.springframework.test.context.support.DependencyInjectionTestExecutionListener@4ff2528f, org.springframework.test.context.support.DirtiesContextTestExecutionListener@1e55ddf8]
12:02:57.245 [Test worker] DEBUG o.s.t.annotation.ProfileValueUtils - Retrieved @ProfileValueSourceConfiguration [null] for test class [com.maxxton.server.DemoServerServiceApplicationTests]
12:02:57.246 [Test worker] DEBUG o.s.t.annotation.ProfileValueUtils - Retrieved ProfileValueSource type [class org.springframework.test.annotation.SystemProfileValueSource] for class [com.maxxton.server.DemoServerServiceApplicationTests]
12:02:57.247 [Test worker] DEBUG o.s.t.annotation.ProfileValueUtils - Retrieved @ProfileValueSourceConfiguration [null] for test class [com.maxxton.server.DemoServerServiceApplicationTests]
12:02:57.248 [Test worker] DEBUG o.s.t.annotation.ProfileValueUtils - Retrieved ProfileValueSource type [class org.springframework.test.annotation.SystemProfileValueSource] for class [com.maxxton.server.DemoServerServiceApplicationTests]
12:02:57.254 [Test worker] DEBUG o.s.t.c.s.AbstractDirtiesContextTestExecutionListener - Before test class: context [DefaultTestContext@6ffb82db testClass = DemoServerServiceApplicationTests, testInstance = [null], testMethod = [null], testException = [null], mergedContextConfiguration = [WebMergedContextConfiguration@7ff0237a testClass = DemoServerServiceApplicationTests, locations = '{}', classes = '{class com.maxxton.server.DemoServerServiceApplication}', contextInitializerClasses = '[]', activeProfiles = '{}', propertySourceLocations = '{}', propertySourceProperties = '{}', resourceBasePath = 'src/main/webapp', contextLoader = 'org.springframework.boot.test.SpringApplicationContextLoader', parent = [null]]], class annotated with @DirtiesContext [false] with mode [null].
12:02:57.255 [Test worker] DEBUG o.s.t.annotation.ProfileValueUtils - Retrieved @ProfileValueSourceConfiguration [null] for test class [com.maxxton.server.DemoServerServiceApplicationTests]
12:02:57.256 [Test worker] DEBUG o.s.t.annotation.ProfileValueUtils - Retrieved ProfileValueSource type [class org.springframework.test.annotation.SystemProfileValueSource] for class [com.maxxton.server.DemoServerServiceApplicationTests]
12:02:57.364 [Test worker] DEBUG o.s.core.env.StandardEnvironment - Adding [systemProperties] PropertySource with lowest search precedence
12:02:57.366 [Test worker] DEBUG o.s.core.env.StandardEnvironment - Adding [systemEnvironment] PropertySource with lowest search precedence
12:02:57.366 [Test worker] DEBUG o.s.core.env.StandardEnvironment - Initialized StandardEnvironment with PropertySources [systemProperties,systemEnvironment]
12:02:57.368 [Test worker] DEBUG o.s.core.env.StandardEnvironment - Adding [integrationTest] PropertySource with search precedence immediately lower than [systemEnvironment]
2016-03-10 12:02:59.838  INFO 2976 --- [    Test worker] o.s.boot.SpringApplication               : Starting application on Maxxton2016-1 with PID 2976 (C:\Users\burgs.m\.gradle\caches\modules-2\files-2.1\org.springframework.boot\spring-boot\1.3.3.RELEASE\641cc375499d444e4efbc1801902260daa79758d\spring-boot-1.3.3.RELEASE.jar started by burgs.m in C:\Users\burgs.m\Documents\microservice\demo-server-service)
2016-03-10 12:02:59.840  INFO 2976 --- [    Test worker] o.s.boot.SpringApplication               : No active profile set, falling back to default profiles: default
2016-03-10 12:02:59.886  INFO 2976 --- [    Test worker] s.c.a.AnnotationConfigApplicationContext : Refreshing org.springframework.context.annotation.AnnotationConfigApplicationContext@65bce016: startup date [Thu Mar 10 12:02:59 CET 2016]; root of context hierarchy
2016-03-10 12:03:00.236  INFO 2976 --- [    Test worker] f.a.AutowiredAnnotationBeanPostProcessor : JSR-330 'javax.inject.Inject' annotation found and supported for autowiring
2016-03-10 12:03:00.267  INFO 2976 --- [    Test worker] trationDelegate$BeanPostProcessorChecker : Bean 'configurationPropertiesRebinderAutoConfiguration' of type [class org.springframework.cloud.autoconfigure.ConfigurationPropertiesRebinderAutoConfiguration$$EnhancerBySpringCGLIB$$7323f037] is not eligible for getting processed by all BeanPostProcessors (for example: not eligible for auto-proxying)
2016-03-10 12:03:00.588  INFO 2976 --- [    Test worker] o.s.boot.SpringApplication               : Started application in 3.099 seconds (JVM running for 4.987)
2016-03-10 12:03:02.292  INFO 2976 --- [    Test worker] o.s.cloud.commons.util.InetUtils         : Cannot determine local hostname

  .   ____          _            __ _ _
 /\\ / ___'_ __ _ _(_)_ __  __ _ \ \ \ \
( ( )\___ | '_ | '_| | '_ \/ _` | \ \ \ \
 \\/  ___)| |_)| | | | | || (_| |  ) ) ) )
  '  |____| .__|_| |_|_| |_\__, | / / / /
 =========|_|==============|___/=/_/_/_/
 :: Spring Boot ::        (v1.3.3.RELEASE)

2016-03-10 12:03:02.441  INFO 2976 --- [    Test worker] c.m.s.DemoServerServiceApplicationTests  : No active profile set, falling back to default profiles: default
2016-03-10 12:03:02.482  INFO 2976 --- [    Test worker] o.s.w.c.s.GenericWebApplicationContext   : Refreshing org.springframework.web.context.support.GenericWebApplicationContext@31216355: startup date [Thu Mar 10 12:03:02 CET 2016]; parent: org.springframework.context.annotation.AnnotationConfigApplicationContext@65bce016
2016-03-10 12:03:04.544  INFO 2976 --- [    Test worker] o.s.b.f.s.DefaultListableBeanFactory     : Overriding bean definition for bean 'beanNameViewResolver' with a different definition: replacing [Root bean: class [null]; scope=; abstract=false; lazyInit=false; autowireMode=3; dependencyCheck=0; autowireCandidate=true; primary=false; factoryBeanName=org.springframework.boot.autoconfigure.web.ErrorMvcAutoConfiguration$WhitelabelErrorViewConfiguration; factoryMethodName=beanNameViewResolver; initMethodName=null; destroyMethodName=(inferred); defined in class path resource [org/springframework/boot/autoconfigure/web/ErrorMvcAutoConfiguration$WhitelabelErrorViewConfiguration.class]] with [Root bean: class [null]; scope=; abstract=false; lazyInit=false; autowireMode=3; dependencyCheck=0; autowireCandidate=true; primary=false; factoryBeanName=org.springframework.boot.autoconfigure.web.WebMvcAutoConfiguration$WebMvcAutoConfigurationAdapter; factoryMethodName=beanNameViewResolver; initMethodName=null; destroyMethodName=(inferred); defined in class path resource [org/springframework/boot/autoconfigure/web/WebMvcAutoConfiguration$WebMvcAutoConfigurationAdapter.class]]
2016-03-10 12:03:04.815  INFO 2976 --- [    Test worker] o.s.cloud.context.scope.GenericScope     : BeanFactory id=6302d5a4-49c1-394e-92bd-db969f4cc385
2016-03-10 12:03:04.845  INFO 2976 --- [    Test worker] f.a.AutowiredAnnotationBeanPostProcessor : JSR-330 'javax.inject.Inject' annotation found and supported for autowiring
2016-03-10 12:03:04.860  INFO 2976 --- [    Test worker] trationDelegate$BeanPostProcessorChecker : Bean 'org.springframework.cloud.autoconfigure.ConfigurationPropertiesRebinderAutoConfiguration' of type [class org.springframework.cloud.autoconfigure.ConfigurationPropertiesRebinderAutoConfiguration$$EnhancerBySpringCGLIB$$7323f037] is not eligible for getting processed by all BeanPostProcessors (for example: not eligible for auto-proxying)
2016-03-10 12:03:06.859  INFO 2976 --- [    Test worker] o.s.cloud.commons.util.InetUtils         : Cannot determine local hostname
2016-03-10 12:03:07.804  INFO 2976 --- [    Test worker] s.w.s.m.m.a.RequestMappingHandlerAdapter : Looking for @ControllerAdvice: org.springframework.web.context.support.GenericWebApplicationContext@31216355: startup date [Thu Mar 10 12:03:02 CET 2016]; parent: org.springframework.context.annotation.AnnotationConfigApplicationContext@65bce016
2016-03-10 12:03:08.013  INFO 2976 --- [    Test worker] s.w.s.m.m.a.RequestMappingHandlerMapping : Mapped "{[/greet],methods=[GET]}" onto public java.lang.String com.maxxton.server.DemoServerController.greet(java.lang.String)
2016-03-10 12:03:08.204  INFO 2976 --- [    Test worker] s.w.s.m.m.a.RequestMappingHandlerMapping : Mapped "{[/error]}" onto public org.springframework.http.ResponseEntity<java.util.Map<java.lang.String, java.lang.Object>> org.springframework.boot.autoconfigure.web.BasicErrorController.error(javax.servlet.http.HttpServletRequest)
2016-03-10 12:03:08.263  INFO 2976 --- [    Test worker] s.w.s.m.m.a.RequestMappingHandlerMapping : Mapped "{[/error],produces=[text/html]}" onto public org.springframework.web.servlet.ModelAndView org.springframework.boot.autoconfigure.web.BasicErrorController.errorHtml(javax.servlet.http.HttpServletRequest,javax.servlet.http.HttpServletResponse)
2016-03-10 12:03:08.314  INFO 2976 --- [    Test worker] o.s.w.s.handler.SimpleUrlHandlerMapping  : Mapped URL path [/webjars/**] onto handler of type [class org.springframework.web.servlet.resource.ResourceHttpRequestHandler]
2016-03-10 12:03:08.314  INFO 2976 --- [    Test worker] o.s.w.s.handler.SimpleUrlHandlerMapping  : Mapped URL path [/**] onto handler of type [class org.springframework.web.servlet.resource.ResourceHttpRequestHandler]
2016-03-10 12:03:08.419  INFO 2976 --- [    Test worker] o.s.w.s.handler.SimpleUrlHandlerMapping  : Mapped URL path [/**/favicon.ico] onto handler of type [class org.springframework.web.servlet.resource.ResourceHttpRequestHandler]
2016-03-10 12:03:09.368  WARN 2976 --- [    Test worker] c.n.c.sources.URLConfigurationSource     : No URLs will be polled as dynamic configuration sources.
2016-03-10 12:03:09.369  INFO 2976 --- [    Test worker] c.n.c.sources.URLConfigurationSource     : To enable URLs as dynamic configuration sources, define System property archaius.configurationSource.additionalUrls or make config.properties available on classpath.
2016-03-10 12:03:09.378  WARN 2976 --- [    Test worker] c.n.c.sources.URLConfigurationSource     : No URLs will be polled as dynamic configuration sources.
2016-03-10 12:03:09.379  INFO 2976 --- [    Test worker] c.n.c.sources.URLConfigurationSource     : To enable URLs as dynamic configuration sources, define System property archaius.configurationSource.additionalUrls or make config.properties available on classpath.
2016-03-10 12:03:11.167  INFO 2976 --- [    Test worker] o.s.c.support.DefaultLifecycleProcessor  : Starting beans in phase 0
2016-03-10 12:03:11.185  INFO 2976 --- [    Test worker] c.m.s.DemoServerServiceApplicationTests  : Started DemoServerServiceApplicationTests in 13.805 seconds (JVM running for 15.583)
]]></system-out>
  <system-err><![CDATA[]]></system-err>
</testsuite>
